<?xml version="1.0" encoding="UTF-8"?>
<coverage generated="1773651172317" clover="3.2.0">
  <project timestamp="1773651172318" name="All files">
    <metrics statements="28" coveredstatements="28" conditionals="41" coveredconditionals="41" methods="4" coveredmethods="4" elements="73" coveredelements="73" complexity="0" loc="28" ncloc="28" packages="1" files="2" classes="2"/>
    <file name="password.ts" path="C:\Users\mu692\Desktop\dev3\dev3-backend-tp1\client\src\utils\password.ts">
      <metrics statements="16" coveredstatements="16" conditionals="25" coveredconditionals="25" methods="1" coveredmethods="1"/>
      <line num="1" count="1" type="stmt"/>
      <line num="2" count="10" type="cond" truecount="2" falsecount="0"/>
      <line num="3" count="9" type="cond" truecount="2" falsecount="0"/>
      <line num="4" count="8" type="cond" truecount="2" falsecount="0"/>
      <line num="6" count="7" type="stmt"/>
      <line num="7" count="7" type="stmt"/>
      <line num="8" count="7" type="stmt"/>
      <line num="9" count="7" type="stmt"/>
      <line num="11" count="7" type="cond" truecount="2" falsecount="0"/>
      <line num="13" count="2" type="cond" truecount="2" falsecount="0"/>
      <line num="14" count="1" type="stmt"/>
      <line num="15" count="5" type="cond" truecount="4" falsecount="0"/>
      <line num="17" count="3" type="cond" truecount="5" falsecount="0"/>
      <line num="18" count="2" type="cond" truecount="2" falsecount="0"/>
      <line num="21" count="2" type="cond" truecount="4" falsecount="0"/>
      <line num="24" count="2" type="stmt"/>
    </file>
    <file name="shipping.ts" path="C:\Users\mu692\Desktop\dev3\dev3-backend-tp1\client\src\utils\shipping.ts">
      <metrics statements="12" coveredstatements="12" conditionals="16" coveredconditionals="16" methods="3" coveredmethods="3"/>
      <line num="44" count="1" type="stmt"/>
      <line num="49" count="9" type="stmt"/>
      <line num="50" count="8" type="stmt"/>
      <line num="51" count="6" type="cond" truecount="2" falsecount="0"/>
      <line num="52" count="6" type="stmt"/>
      <line num="56" count="9" type="cond" truecount="2" falsecount="0"/>
      <line num="58" count="8" type="cond" truecount="2" falsecount="0"/>
      <line num="59" count="4" type="cond" truecount="4" falsecount="0"/>
      <line num="60" count="1" type="stmt"/>
      <line num="64" count="8" type="cond" truecount="4" falsecount="0"/>
      <line num="66" count="6" type="cond" truecount="2" falsecount="0"/>
      <line num="67" count="1" type="stmt"/>
    </file>
  </project>
</coverage>
