<?xml version="1.0" encoding="UTF-8"?>
<coverage generated="1773838985363" clover="3.2.0">
  <project timestamp="1773838985363" name="All files">
    <metrics statements="12" coveredstatements="12" conditionals="15" coveredconditionals="15" methods="1" coveredmethods="1" elements="28" coveredelements="28" complexity="0" loc="12" ncloc="12" packages="1" files="1" classes="1"/>
    <file name="userValidator.ts" path="C:\Users\mu692\Desktop\dev3\dev3-backend-tp1\client\src\utils\userValidator.ts">
      <metrics statements="12" coveredstatements="12" conditionals="15" coveredconditionals="15" methods="1" coveredmethods="1"/>
      <line num="3" count="1" type="stmt"/>
      <line num="8" count="9" type="cond" truecount="5" falsecount="0"/>
      <line num="9" count="1" type="stmt"/>
      <line num="12" count="8" type="cond" truecount="2" falsecount="0"/>
      <line num="13" count="1" type="stmt"/>
      <line num="16" count="7" type="cond" truecount="2" falsecount="0"/>
      <line num="17" count="2" type="cond" truecount="2" falsecount="0"/>
      <line num="18" count="1" type="stmt"/>
      <line num="20" count="1" type="stmt"/>
      <line num="23" count="5" type="cond" truecount="4" falsecount="0"/>
      <line num="24" count="2" type="stmt"/>
      <line num="27" count="3" type="stmt"/>
    </file>
  </project>
</coverage>
