TN:
SF:client\src\utils\password.ts
FN:1,(anonymous_0)
FNF:1
FNH:1
FNDA:10,(anonymous_0)
DA:1,1
DA:2,10
DA:3,9
DA:4,8
DA:6,7
DA:7,7
DA:8,7
DA:9,7
DA:11,7
DA:13,2
DA:14,1
DA:15,5
DA:17,3
DA:18,2
DA:21,2
DA:24,2
LF:16
LH:16
BRDA:2,0,0,1
BRDA:2,0,1,9
BRDA:3,1,0,1
BRDA:3,1,1,8
BRDA:4,2,0,1
BRDA:4,2,1,7
BRDA:11,3,0,2
BRDA:11,3,1,5
BRDA:13,4,0,1
BRDA:13,4,1,1
BRDA:15,5,0,3
BRDA:15,5,1,2
BRDA:15,6,0,5
BRDA:15,6,1,5
BRDA:17,7,0,1
BRDA:17,7,1,2
BRDA:17,8,0,3
BRDA:17,8,1,2
BRDA:17,8,2,2
BRDA:18,9,0,1
BRDA:18,9,1,1
BRDA:21,10,0,1
BRDA:21,10,1,1
BRDA:21,11,0,2
BRDA:21,11,1,1
BRF:25
BRH:25
end_of_record
TN:
SF:client\src\utils\shipping.ts
FN:44,calculateShipping
FN:55,getDistanceCout
FN:63,getMajorationMultiplier
FNF:3
FNH:3
FNDA:9,calculateShipping
FNDA:9,getDistanceCout
FNDA:8,getMajorationMultiplier
DA:44,1
DA:49,9
DA:50,8
DA:51,6
DA:52,6
DA:56,9
DA:58,8
DA:59,4
DA:60,1
DA:64,8
DA:66,6
DA:67,1
LF:12
LH:12
BRDA:51,0,0,2
BRDA:51,0,1,4
BRDA:56,1,0,1
BRDA:56,1,1,8
BRDA:58,2,0,4
BRDA:58,2,1,4
BRDA:59,3,0,3
BRDA:59,3,1,1
BRDA:59,4,0,4
BRDA:59,4,1,4
BRDA:64,5,0,2
BRDA:64,5,1,6
BRDA:64,6,0,8
BRDA:64,6,1,7
BRDA:66,7,0,5
BRDA:66,7,1,1
BRF:16
BRH:16
end_of_record
